#
# There is insufficient memory for the Java Runtime Environment to continue.
# Native memory allocation (mmap) failed to map 134217728 bytes for G1 virtual space
# Possible reasons:
#   The system is out of physical RAM or swap space
#   The process is running with CompressedOops enabled, and the Java Heap may be blocking the growth of the native heap
# Possible solutions:
#   Reduce memory load on the system
#   Increase physical memory or swap space
#   Check if swap backing store is full
#   Decrease Java heap size (-Xmx/-Xms)
#   Decrease number of Java threads
#   Decrease Java thread stack sizes (-Xss)
#   Set larger code cache with -XX:ReservedCodeCacheSize=
#   JVM is running with Unscaled Compressed Oops mode in which the Java heap is
#     placed in the first 4GB address space. The Java Heap base address is the
#     maximum limit for the native heap growth. Please use -XX:HeapBaseMinAddress
#     to set the Java Heap base and to place the Java Heap above 4GB virtual address.
# This output file may be truncated or incomplete.
#
#  Out of Memory Error (os_windows.cpp:3825), pid=17284, tid=19756
#
# JRE version:  (17.0.10+1) (build )
# Java VM: OpenJDK 64-Bit Server VM (17.0.10+1-b1207.14, mixed mode, sharing, tiered, compressed oops, compressed class ptrs, g1 gc, windows-amd64)
# No core dump will be written. Minidumps are not enabled by default on client versions of Windows
#

---------------  S U M M A R Y ------------

Command Line: -Djava.rmi.server.hostname=127.0.0.1 -Duser.timezone=UTC -Xmx2048m -Xms128m -Djdbc.classpath=C:\Program Files\JetBrains\IntelliJ IDEA 2024.1.1\plugins\DatabaseTools\lib\jdbc-console.jar;C:\Users\bakay\AppData\Roaming\JetBrains\IntelliJIdea2024.1\jdbc-drivers\PostgreSQL\42.6.0\org\postgresql\postgresql\42.6.0\postgresql-42.6.0.jar;C:\Users\bakay\AppData\Roaming\JetBrains\IntelliJIdea2024.1\jdbc-drivers\PostgreSQL\42.6.0\org\checkerframework\checker-qual\3.31.0\checker-qual-3.31.0.jar;C:\Users\bakay\AppData\Roaming\JetBrains\IntelliJIdea2024.1\jdbc-drivers\PostgreSQL\42.6.0\com\github\waffle\waffle-jna\1.9.1\waffle-jna-1.9.1.jar;C:\Users\bakay\AppData\Roaming\JetBrains\IntelliJIdea2024.1\jdbc-drivers\PostgreSQL\42.6.0\net\java\dev\jna\jna\4.5.1\jna-4.5.1.jar;C:\Users\bakay\AppData\Roaming\JetBrains\IntelliJIdea2024.1\jdbc-drivers\PostgreSQL\42.6.0\net\java\dev\jna\jna-platform\4.5.1\jna-platform-4.5.1.jar;C:\Users\bakay\AppData\Roaming\JetBrains\IntelliJIdea2024.1\jdbc-drivers\PostgreSQL\42.6.0\org\slf4j\jcl-over-slf4j\1.7.25\jcl-over-slf4j-1.7.25.jar;C:\Users\bakay\AppData\Roaming\JetBrains\IntelliJIdea2024.1\jdbc-drivers\PostgreSQL\42.6.0\org\slf4j\slf4j-api\1.7.25\slf4j-api-1.7.25.jar;C:\Users\bakay\AppData\Roaming\JetBrains\IntelliJIdea2024.1\jdbc-drivers\PostgreSQL\42.6.0\com\github\ben-manes\caffeine\caffeine\2.6.2\caffeine-2.6.2.jar --add-exports=java.desktop/sun.awt=ALL-UNNAMED --add-exports=java.desktop/java.awt.peer=ALL-UNNAMED --add-opens=java.desktop/java.awt=ALL-UNNAMED --add-opens=jdk.unsupported/sun.misc=ALL-UNNAMED --add-opens=java.base/java.nio=ALL-UNNAMED --add-opens=java.base/java.util=ALL-UNNAMED -Dfile.encoding=UTF-8 com.intellij.database.remote.RemoteJdbcServer org.postgresql.Driver

Host: 13th Gen Intel(R) Core(TM) i7-13650HX, 20 cores, 31G,  Windows 11 , 64 bit Build 22621 (10.0.22621.3672)
Time: Sun Jun 23 13:25:55 2024 Est (heure d, 64 bit Build 22621 (10.0.22621.3672) elapsed time: 0.008866 seconds (0d 0h 0m 0s)

---------------  T H R E A D  ---------------

Current thread (0x000002633c051250):  JavaThread "Unknown thread" [_thread_in_vm, id=19756, stack(0x000000a638400000,0x000000a638500000)]

Stack: [0x000000a638400000,0x000000a638500000]
Native frames: (J=compiled Java code, j=interpreted, Vv=VM code, C=native code)
V  [jvm.dll+0x687989]
V  [jvm.dll+0x84116a]
V  [jvm.dll+0x842dae]
V  [jvm.dll+0x843413]
V  [jvm.dll+0x249ccf]
V  [jvm.dll+0x684759]
V  [jvm.dll+0x67900a]
V  [jvm.dll+0x30ab0b]
V  [jvm.dll+0x311fb6]
V  [jvm.dll+0x361d5e]
V  [jvm.dll+0x361f8f]
V  [jvm.dll+0x2e07f8]
V  [jvm.dll+0x2e1764]
V  [jvm.dll+0x811c31]
V  [jvm.dll+0x36fc11]
V  [jvm.dll+0x7f0666]
V  [jvm.dll+0x3f3daf]
V  [jvm.dll+0x3f5a41]
C  [jli.dll+0x528f]
C  [ucrtbase.dll+0x29333]
C  [KERNEL32.DLL+0x1257d]
C  [ntdll.dll+0x5af28]


---------------  P R O C E S S  ---------------

Threads class SMR info:
_java_thread_list=0x00007ffe1cc3df58, length=0, elements={
}

Java Threads: ( => current thread )

Other Threads:
  0x000002633c0b1920 GCTaskThread "GC Thread#0" [stack: 0x000000a638500000,0x000000a638600000] [id=32404]
  0x000002633c0c2870 ConcurrentGCThread "G1 Main Marker" [stack: 0x000000a638600000,0x000000a638700000] [id=30688]
  0x000002633c0c3290 ConcurrentGCThread "G1 Conc#0" [stack: 0x000000a638700000,0x000000a638800000] [id=31404]

[error occurred during error reporting (printing all threads), id 0xc0000005, EXCEPTION_ACCESS_VIOLATION (0xc0000005) at pc=0x00007ffe1c3f13c7]

VM state: not at safepoint (not fully initialized)

VM Mutex/Monitor currently owned by a thread:  ([mutex/lock_event])
[0x000002633c04cbc0] Heap_lock - owner thread: 0x000002633c051250

Heap address: 0x0000000080000000, size: 2048 MB, Compressed Oops mode: 32-bit

CDS archive(s) mapped at: [0x0000000000000000-0x0000000000000000-0x0000000000000000), size 0, SharedBaseAddress: 0x0000000800000000, ArchiveRelocationMode: 1.
Narrow klass base: 0x0000000000000000, Narrow klass shift: 0, Narrow klass range: 0x0

GC Precious Log:
<Empty>

Heap:
 garbage-first heap   total 0K, used 0K [0x0000000080000000, 0x0000000100000000)
  region size 1024K, 0 young (0K), 0 survivors (0K)
 Metaspace       used 0K, committed 0K, reserved 0K
  class space    used 0K, committed 0K, reserved 0K

Heap Regions: E=young(eden), S=young(survivor), O=old, HS=humongous(starts), HC=humongous(continues), CS=collection set, F=free, OA=open archive, CA=closed archive, TAMS=top-at-mark-start (previous, next)

Card table byte_map: [0x000002634f660000,0x000002634fa60000] _byte_map_base: 0x000002634f260000

Marking Bits (Prev, Next): (CMBitMap*) 0x000002633c0b1f40, (CMBitMap*) 0x000002633c0b1f80
 Prev Bits: [0x000002634fe60000, 0x0000026351e60000)
 Next Bits: [0x0000026351e60000, 0x0000026353e60000)

GC Heap History (0 events):
No events

Dll operation events (1 events):
Event: 0.004 Loaded shared library C:\Program Files\JetBrains\IntelliJ IDEA 2024.1.1\jbr\bin\java.dll

Deoptimization events (0 events):
No events

Classes unloaded (0 events):
No events

Classes redefined (0 events):
No events

Internal exceptions (0 events):
No events

VM Operations (0 events):
No events

Events (0 events):
No events


Dynamic libraries:
0x00007ff716100000 - 0x00007ff71610a000 	C:\Program Files\JetBrains\IntelliJ IDEA 2024.1.1\jbr\bin\java.exe
0x00007ffe87930000 - 0x00007ffe87b47000 	C:\Windows\SYSTEM32\ntdll.dll
0x00007ffe86ac0000 - 0x00007ffe86b84000 	C:\Windows\System32\KERNEL32.DLL
0x00007ffe85100000 - 0x00007ffe854ac000 	C:\Windows\System32\KERNELBASE.dll
0x00007ffe854e0000 - 0x00007ffe855f1000 	C:\Windows\System32\ucrtbase.dll
0x00007ffe72900000 - 0x00007ffe7291b000 	C:\Program Files\JetBrains\IntelliJ IDEA 2024.1.1\jbr\bin\VCRUNTIME140.dll
0x00007ffe3cec0000 - 0x00007ffe3ced7000 	C:\Program Files\JetBrains\IntelliJ IDEA 2024.1.1\jbr\bin\jli.dll
0x00007ffe857e0000 - 0x00007ffe8598e000 	C:\Windows\System32\USER32.dll
0x00007ffe84e20000 - 0x00007ffe84e46000 	C:\Windows\System32\win32u.dll
0x00007ffe6e930000 - 0x00007ffe6ebc3000 	C:\Windows\WinSxS\amd64_microsoft.windows.common-controls_6595b64144ccf1df_6.0.22621.3672_none_2713b9d173822955\COMCTL32.dll
0x00007ffe86df0000 - 0x00007ffe86e19000 	C:\Windows\System32\GDI32.dll
0x00007ffe871e0000 - 0x00007ffe87287000 	C:\Windows\System32\msvcrt.dll
0x00007ffe84d00000 - 0x00007ffe84e19000 	C:\Windows\System32\gdi32full.dll
0x00007ffe84c60000 - 0x00007ffe84cfa000 	C:\Windows\System32\msvcp_win.dll
0x00007ffe868d0000 - 0x00007ffe86901000 	C:\Windows\System32\IMM32.DLL
0x00007ffe74940000 - 0x00007ffe7494c000 	C:\Program Files\JetBrains\IntelliJ IDEA 2024.1.1\jbr\bin\vcruntime140_1.dll
0x00007ffe1e010000 - 0x00007ffe1e09d000 	C:\Program Files\JetBrains\IntelliJ IDEA 2024.1.1\jbr\bin\msvcp140.dll
0x00007ffe1c100000 - 0x00007ffe1cd82000 	C:\Program Files\JetBrains\IntelliJ IDEA 2024.1.1\jbr\bin\server\jvm.dll
0x00007ffe87120000 - 0x00007ffe871d2000 	C:\Windows\System32\ADVAPI32.dll
0x00007ffe86b90000 - 0x00007ffe86c3a000 	C:\Windows\System32\sechost.dll
0x00007ffe854b0000 - 0x00007ffe854d8000 	C:\Windows\System32\bcrypt.dll
0x00007ffe86270000 - 0x00007ffe86385000 	C:\Windows\System32\RPCRT4.dll
0x00007ffe83af0000 - 0x00007ffe83b3d000 	C:\Windows\SYSTEM32\POWRPROF.dll
0x00007ffe72960000 - 0x00007ffe72969000 	C:\Windows\SYSTEM32\WSOCK32.dll
0x00007ffe7c4e0000 - 0x00007ffe7c514000 	C:\Windows\SYSTEM32\WINMM.dll
0x00007ffe7ae20000 - 0x00007ffe7ae2a000 	C:\Windows\SYSTEM32\VERSION.dll
0x00007ffe856f0000 - 0x00007ffe85761000 	C:\Windows\System32\WS2_32.dll
0x00007ffe83ad0000 - 0x00007ffe83ae3000 	C:\Windows\SYSTEM32\UMPDC.dll
0x00007ffe83d80000 - 0x00007ffe83d98000 	C:\Windows\SYSTEM32\kernel.appcore.dll
0x00007ffe7cc90000 - 0x00007ffe7cc9a000 	C:\Program Files\JetBrains\IntelliJ IDEA 2024.1.1\jbr\bin\jimage.dll
0x00007ffe82620000 - 0x00007ffe82852000 	C:\Windows\SYSTEM32\DBGHELP.DLL
0x00007ffe874f0000 - 0x00007ffe87878000 	C:\Windows\System32\combase.dll
0x00007ffe86e20000 - 0x00007ffe86ef7000 	C:\Windows\System32\OLEAUT32.dll
0x00007ffe775d0000 - 0x00007ffe77602000 	C:\Windows\SYSTEM32\dbgcore.DLL
0x00007ffe84f10000 - 0x00007ffe84f8b000 	C:\Windows\System32\bcryptPrimitives.dll
0x00007ffe67090000 - 0x00007ffe670b5000 	C:\Program Files\JetBrains\IntelliJ IDEA 2024.1.1\jbr\bin\java.dll

dbghelp: loaded successfully - version: 4.0.5 - missing functions: none
symbol engine: initialized successfully - sym options: 0x614 - pdb path: .;C:\Program Files\JetBrains\IntelliJ IDEA 2024.1.1\jbr\bin;C:\Windows\SYSTEM32;C:\Windows\WinSxS\amd64_microsoft.windows.common-controls_6595b64144ccf1df_6.0.22621.3672_none_2713b9d173822955;C:\Program Files\JetBrains\IntelliJ IDEA 2024.1.1\jbr\bin\server

VM Arguments:
jvm_args: -Djava.rmi.server.hostname=127.0.0.1 -Duser.timezone=UTC -Xmx2048m -Xms128m -Djdbc.classpath=C:\Program Files\JetBrains\IntelliJ IDEA 2024.1.1\plugins\DatabaseTools\lib\jdbc-console.jar;C:\Users\bakay\AppData\Roaming\JetBrains\IntelliJIdea2024.1\jdbc-drivers\PostgreSQL\42.6.0\org\postgresql\postgresql\42.6.0\postgresql-42.6.0.jar;C:\Users\bakay\AppData\Roaming\JetBrains\IntelliJIdea2024.1\jdbc-drivers\PostgreSQL\42.6.0\org\checkerframework\checker-qual\3.31.0\checker-qual-3.31.0.jar;C:\Users\bakay\AppData\Roaming\JetBrains\IntelliJIdea2024.1\jdbc-drivers\PostgreSQL\42.6.0\com\github\waffle\waffle-jna\1.9.1\waffle-jna-1.9.1.jar;C:\Users\bakay\AppData\Roaming\JetBrains\IntelliJIdea2024.1\jdbc-drivers\PostgreSQL\42.6.0\net\java\dev\jna\jna\4.5.1\jna-4.5.1.jar;C:\Users\bakay\AppData\Roaming\JetBrains\IntelliJIdea2024.1\jdbc-drivers\PostgreSQL\42.6.0\net\java\dev\jna\jna-platform\4.5.1\jna-platform-4.5.1.jar;C:\Users\bakay\AppData\Roaming\JetBrains\IntelliJIdea2024.1\jdbc-drivers\PostgreSQL\42.6.0\org\slf4j\jcl-over-slf4j\1.7.25\jcl-over-slf4j-1.7.25.jar;C:\Users\bakay\AppData\Roaming\JetBrains\IntelliJIdea2024.1\jdbc-drivers\PostgreSQL\42.6.0\org\slf4j\slf4j-api\1.7.25\slf4j-api-1.7.25.jar;C:\Users\bakay\AppData\Roaming\JetBrains\IntelliJIdea2024.1\jdbc-drivers\PostgreSQL\42.6.0\com\github\ben-manes\caffeine\caffeine\2.6.2\caffeine-2.6.2.jar --add-exports=java.desktop/sun.awt=ALL-UNNAMED --add-exports=java.desktop/java.awt.peer=ALL-UNNAMED --add-opens=java.desktop/java.awt=ALL-UNNAMED --add-opens=jdk.unsupported/sun.misc=ALL-UNNAMED --add-opens=java.base/java.nio=ALL-UNNAMED --add-opens=java.base/java.util=ALL-UNNAMED -Dfile.encoding=UTF-8 
java_command: com.intellij.database.remote.RemoteJdbcServer org.postgresql.Driver
java_class_path (initial): C:\Program Files\JetBrains\IntelliJ IDEA 2024.1.1\lib\util_rt.jar;C:\Program Files\JetBrains\IntelliJ IDEA 2024.1.1\lib\util-8.jar;C:\Program Files\JetBrains\IntelliJ IDEA 2024.1.1\lib\groovy.jar;C:\Program Files\JetBrains\IntelliJ IDEA 2024.1.1\plugins\DatabaseTools\lib\jdbc-console.jar;C:\Program Files\JetBrains\IntelliJ IDEA 2024.1.1\plugins\grid-core-impl\lib\jdbc-console-types.jar;C:\Program Files\JetBrains\IntelliJ IDEA 2024.1.1\lib\util.jar
Launcher Type: SUN_STANDARD

[Global flags]
     intx CICompilerCount                          = 12                                        {product} {ergonomic}
     uint ConcGCThreads                            = 4                                         {product} {ergonomic}
     uint G1ConcRefinementThreads                  = 15                                        {product} {ergonomic}
   size_t G1HeapRegionSize                         = 1048576                                   {product} {ergonomic}
    uintx GCDrainStackTargetSize                   = 64                                        {product} {ergonomic}
   size_t InitialHeapSize                          = 134217728                                 {product} {command line}
   size_t MarkStackSize                            = 4194304                                   {product} {ergonomic}
   size_t MaxHeapSize                              = 2147483648                                {product} {command line}
   size_t MinHeapDeltaBytes                        = 1048576                                   {product} {ergonomic}
   size_t MinHeapSize                              = 134217728                                 {product} {command line}
    uintx NonNMethodCodeHeapSize                   = 7602480                                {pd product} {ergonomic}
    uintx NonProfiledCodeHeapSize                  = 122027880                              {pd product} {ergonomic}
    uintx ProfiledCodeHeapSize                     = 122027880                              {pd product} {ergonomic}
    uintx ReservedCodeCacheSize                    = 251658240                              {pd product} {ergonomic}
     bool SegmentedCodeCache                       = true                                      {product} {ergonomic}
   size_t SoftMaxHeapSize                          = 2147483648                             {manageable} {ergonomic}
     bool UseCompressedClassPointers               = true                           {product lp64_product} {ergonomic}
     bool UseCompressedOops                        = true                           {product lp64_product} {ergonomic}
     bool UseG1GC                                  = true                                      {product} {ergonomic}
     bool UseLargePagesIndividualAllocation        = false                                  {pd product} {ergonomic}

Logging:
Log output configuration:
 #0: stdout all=warning uptime,level,tags
 #1: stderr all=off uptime,level,tags

Environment Variables:
PATH=C:\Program Files (x86)\VMware\VMware Player\bin\;C:\Program Files\ImageMagick-7.1.1-Q16-HDRI;C:\Program Files\Microsoft\jdk-11.0.16.101-hotspot\bin;C:\Windows\system32;C:\Windows;C:\Windows\System32\Wbem;C:\Windows\System32\WindowsPowerShell\v1.0\;C:\Windows\System32\OpenSSH\;C:\Program Files (x86)\NVIDIA Corporation\PhysX\Common;C:\Program Files\NVIDIA Corporation\NVIDIA NvDLISR;C:\Program Files (x86)\Windows Kits\10\Windows Performance Toolkit\;C:\Program Files\Git\cmd;C:\Program Files\Microsoft SQL Server\Client SDK\ODBC\170\Tools\Binn\;C:\Program Files (x86)\Microsoft SQL Server\150\Tools\Binn\;C:\Program Files\Microsoft SQL Server\150\Tools\Binn\;C:\Program Files\Microsoft SQL Server\150\DTS\Binn\;C:\Program Files (x86)\Windows Kits\8.1\Windows Performance Toolkit\;C:\Program Files\dotnet\;C:\Qt\6.7.0\msvc2019_64\bin;C:\Qt\6.7.0\mingw_64\bin;C:\msys64\ucrt64\bin;C:\msys64\usr\bin;C:\MinGW\bin\;;C:\Program Files\Kubernetes\Minikube;;C:\Program Files\Docker\Docker\resources\bin;C:\MinGW\bin\;C:\mingw64\bin;C:\Users\bakay\AppData\Local\Programs\Microsoft VS Code\bin;C:\Users\bakay\DataGrip 2023.2.1\bin;C:\Users\bakay\AppData\Local\GitHubDesktop\bin;C:\Users\bakay\AppData\Local\gitkraken\bin;C:\users\bakay\appdata\local\programs\python\python312\;C:\Program Files\Kubernetes\Minikube;
USERNAME=bakay
OS=Windows_NT
PROCESSOR_IDENTIFIER=Intel64 Family 6 Model 183 Stepping 1, GenuineIntel
TMP=C:\Users\bakay\AppData\Local\Temp
TEMP=C:\Users\bakay\AppData\Local\Temp



Periodic native trim disabled

JNI global refs:
JNI global refs: 0, weak refs: 0

JNI global refs memory usage: 0, weak refs: 0

OOME stack traces (most recent first):
Classloader memory used:


---------------  S Y S T E M  ---------------

OS:
 Windows 11 , 64 bit Build 22621 (10.0.22621.3672)
OS uptime: 0 days 14:10 hours
Hyper-V role detected

CPU: total 20 (initial active 20) (10 cores per cpu, 2 threads per core) family 6 model 183 stepping 1 microcode 0x115, cx8, cmov, fxsr, ht, mmx, 3dnowpref, sse, sse2, sse3, ssse3, sse4.1, sse4.2, popcnt, lzcnt, tsc, tscinvbit, avx, avx2, aes, erms, clmul, bmi1, bmi2, adx, sha, fma, vzeroupper, clflush, clflushopt, clwb, hv
Processor Information for all 20 processors :
  Max Mhz: 2600, Current Mhz: 2600, Mhz Limit: 2600

Memory: 4k page, system-wide physical 32387M (12553M free)
TotalPageFile size 90177M (AvailPageFile size 121M)
current process WorkingSet (physical memory assigned to process): 11M, peak: 11M
current process commit charge ("private bytes"): 75M, peak: 203M

vm_info: OpenJDK 64-Bit Server VM (17.0.10+1-b1207.14) for windows-amd64 JRE (17.0.10+1-b1207.14), built on 2024-04-05 by "builduser" with MS VC++ 16.10 / 16.11 (VS2019)

END.
